<?xml version="1.0" encoding="UTF-8"?>
<testsuite xmlns:xsi="http://www.w3.org/2001/XMLSchema-instance" xsi:noNamespaceSchemaLocation="https://maven.apache.org/surefire/maven-surefire-plugin/xsd/surefire-test-report-3.0.xsd" version="3.0" name="br.com.meujogo.LutaDeDadosTest" time="0.053" tests="7" errors="0" skipped="0" failures="0">
  <properties>
[...]
</properties>
  <testcase name="testeVitoriaJogador1" classname="br.com.meujogo.LutaDeDadosTest" time="0.019"/>
  <testcase name="testeDerrotaJogador1" classname="br.com.meujogo.LutaDeDadosTest" time="0.001"/>
  <testcase name="testeEmpate" classname="br.com.meujogo.LutaDeDadosTest" time="0.001"/>
  <testcase name="testeJogoEmAndamento" classname="br.com.meujogo.LutaDeDadosTest" time="0.001"/>
  <testcase name="testeDanoNoTurno" classname="br.com.meujogo.LutaDeDadosTest" time="0.004"/>
  <testcase name="testeInicializacao" classname="br.com.meujogo.LutaDeDadosTest" time="0.001"/>
  <testcase name="testeMetodoLancarDadosPorComportamentoDoTurno" classname="br.com.meujogo.LutaDeDadosTest" time="0.001"/>
</testsuite>